<?xml version="1.0" encoding="UTF-8" ?>
<testsuite failures="0" time="0.014" errors="0" skipped="0" tests="1" name="com.mycompany.app.AppTest">
  <properties>
    <property name="java.vendor" value="Oracle Corporation"/>
    <property name="JOB_NAME" value="mvnCopy"/>
    <property name="sun.java.launcher" value="SUN_STANDARD"/>
    <property name="windows_tracing_logfile" value="C:\BVTBin\Tests\installpackage\csilogfile.log"/>
    <property name="NUMBER_OF_PROCESSORS" value="4"/>
    <property name="sun.management.compiler" value="HotSpot 64-Bit Tiered Compilers"/>
    <property name="DEFLOGDIR" value="C:\ProgramData\McAfee\DesktopProtection"/>
    <property name="JENKINS_HOME" value="C:\Program Files (x86)\Jenkins"/>
    <property name="HUDSON_SERVER_COOKIE" value="70961b6a6de1f2cd"/>
    <property name="POM_ARTIFACTID" value="my-app"/>
    <property name="os.name" value="Windows 7"/>
    <property name="sun.boot.class.path" value="c:\Program Files\Java\jdk1.7.0_79\jre\lib\resources.jar;c:\Program Files\Java\jdk1.7.0_79\jre\lib\rt.jar;c:\Program Files\Java\jdk1.7.0_79\jre\lib\sunrsasign.jar;c:\Program Files\Java\jdk1.7.0_79\jre\lib\jsse.jar;c:\Program Files\Java\jdk1.7.0_79\jre\lib\jce.jar;c:\Program Files\Java\jdk1.7.0_79\jre\lib\charsets.jar;c:\Program Files\Java\jdk1.7.0_79\jre\lib\jfr.jar;c:\Program Files\Java\jdk1.7.0_79\jre\classes"/>
    <property name="EXECUTOR_NUMBER" value="1"/>
    <property name="sun.desktop" value="windows"/>
    <property name="PATHEXT" value=".COM;.EXE;.BAT;.CMD;.VBS;.VBE;.JS;.JSE;.WSF;.WSH;.MSC"/>
    <property name="java.vm.specification.vendor" value="Oracle Corporation"/>
    <property name="POM_DISPLAYNAME" value="my-app"/>
    <property name="NODE_LABELS" value="master"/>
    <property name="TEMP" value="C:\Windows\TEMP"/>
    <property name="java.runtime.version" value="1.7.0_79-b15"/>
    <property name="QT_DEVICE_PIXEL_RATIO" value="auto"/>
    <property name="user.name" value="200175-E6410$"/>
    <property name="guice.disable.misplaced.annotation.check" value="true"/>
    <property name="CommonProgramW6432" value="C:\Program Files\Common Files"/>
    <property name="ProgramFiles" value="C:\Program Files (x86)"/>
    <property name="user.language" value="en"/>
    <property name="JOB_BASE_NAME" value="mvnCopy"/>
    <property name="BUILD_DISPLAY_NAME" value="#4"/>
    <property name="sun.boot.library.path" value="c:\Program Files\Java\jdk1.7.0_79\jre\bin"/>
    <property name="LOCALAPPDATA" value="C:\Windows\system32\config\systemprofile\AppData\Local"/>
    <property name="java.version" value="1.7.0_79"/>
    <property name="PROCESSOR_LEVEL" value="6"/>
    <property name="user.timezone" value="America/Los_Angeles"/>
    <property name="USERNAME" value="200175-E6410$"/>
    <property name="sun.arch.data.model" value="64"/>
    <property name="NODE_NAME" value="master"/>
    <property name="PROCESSOR_ARCHITEW6432" value="AMD64"/>
    <property name="java.endorsed.dirs" value="c:\Program Files\Java\jdk1.7.0_79\jre\lib\endorsed"/>
    <property name="BUILD_ID" value="4"/>
    <property name="sun.cpu.isalist" value="amd64"/>
    <property name="sun.jnu.encoding" value="Cp1252"/>
    <property name="file.encoding.pkg" value="sun.io"/>
    <property name="file.separator" value="\"/>
    <property name="java.specification.name" value="Java Platform API Specification"/>
    <property name="java.class.version" value="51.0"/>
    <property name="org.slf4j.simpleLogger.defaultLogLevel" value="info"/>
    <property name="user.country" value="US"/>
    <property name="ALLUSERSPROFILE" value="C:\ProgramData"/>
    <property name="java.home" value="c:\Program Files\Java\jdk1.7.0_79\jre"/>
    <property name="java.vm.info" value="mixed mode"/>
    <property name="os.version" value="6.1"/>
    <property name="POM_VERSION" value="1.0-SNAPSHOT"/>
    <property name="LDMS_PREFERRED_SERVER" value="landesk01"/>
    <property name="TMP" value="C:\Windows\TEMP"/>
    <property name="path.separator" value=";"/>
    <property name="java.vm.version" value="24.79-b02"/>
    <property name="user.variant" value=""/>
    <property name="LDMS_LOCAL_DIR" value="C:\Program Files (x86)\LANDesk\LDClient\Data"/>
    <property name="CommonProgramFiles(x86)" value="C:\Program Files (x86)\Common Files"/>
    <property name="java.awt.printerjob" value="sun.awt.windows.WPrinterJob"/>
    <property name="FP_NO_HOST_CHECK" value="NO"/>
    <property name="JAVA_HOME" value="c:\\Program Files\\Java\\jdk1.7.0_79\\"/>
    <property name="sun.io.unicode.encoding" value="UnicodeLittle"/>
    <property name="CommonProgramFiles" value="C:\Program Files (x86)\Common Files"/>
    <property name="ComSpec" value="C:\Windows\system32\cmd.exe"/>
    <property name="awt.toolkit" value="sun.awt.windows.WToolkit"/>
    <property name="workspace" value="&quot;c:\\Program Files (x86)\\Jenkins\\workspace&quot;"/>
    <property name="POM_PACKAGING" value="jar"/>
    <property name="SERVICE_ID" value="jenkins"/>
    <property name="COMPUTERNAME" value="200175-E6410"/>
    <property name="user.script" value=""/>
    <property name="POM_GROUPID" value="com.mycompany.app"/>
    <property name="VBOX_MSI_INSTALL_PATH" value="C:\Program Files\Oracle\VirtualBox\"/>
    <property name="user.home" value="C:\"/>
    <property name="PUBLIC" value="C:\Users\Public"/>
    <property name="BUILD_TAG" value="jenkins-mvnCopy-4"/>
    <property name="JENKINS_SERVER_COOKIE" value="70961b6a6de1f2cd"/>
    <property name="HUDSON_URL" value="http://localhost:8080/"/>
    <property name="ProgramData" value="C:\ProgramData"/>
    <property name="java.specification.vendor" value="Oracle Corporation"/>
    <property name="USERPROFILE" value="C:\Windows\system32\config\systemprofile"/>
    <property name="CLASSPATH" value=""/>
    <property name="java.vendor.url" value="http://java.oracle.com/"/>
    <property name="java.library.path" value="c:\Program Files\Java\jdk1.7.0_79\bin;C:\Windows\Sun\Java\bin;C:\Windows\system32;C:\Windows;C:\Users\smukkapati\Downloads\maven/bin;c:\\Program Files\\Java\\jdk1.7.0_79\\/bin;c:\\Program Files\\Java\\jdk1.7.0_79\\/bin;C:\Windows\system32;C:\Windows;C:\Windows\System32\Wbem;C:\Windows\System32\WindowsPowerShell\v1.0\;C:\Program Files\Perforce;C:\Users\smukkapati\AppData\Local\Android\sdk\platform-tools\;C:\Program Files\Java\jdk1.7.0_79\;C:\Program Files\Git\cmd;."/>
    <property name="java.vm.vendor" value="Oracle Corporation"/>
    <property name="APPDATA" value="C:\Windows\system32\config\systemprofile\AppData\Roaming"/>
    <property name="java.runtime.name" value="Java(TM) SE Runtime Environment"/>
    <property name="maven.home" value="C:\Users\smukkapati\Downloads\maven"/>
    <property name="java.class.path" value="C:\Program Files (x86)\Jenkins\plugins\maven-plugin\WEB-INF\lib\maven32-agent-1.7.jar;C:\Users\smukkapati\Downloads\maven\boot\plexus-classworlds-2.5.2.jar;C:\Users\smukkapati\Downloads\maven/conf/logging"/>
    <property name="sun.java.command" value="jenkins.maven3.agent.Maven32Main C:\Users\smukkapati\Downloads\maven C:\Program Files (x86)\Jenkins\war\WEB-INF\lib\remoting-2.59.jar C:\Program Files (x86)\Jenkins\plugins\maven-plugin\WEB-INF\lib\maven32-interceptor-1.7.jar C:\Program Files (x86)\Jenkins\plugins\maven-plugin\WEB-INF\lib\maven3-interceptor-commons-1.7.jar 55524"/>
    <property name="Path" value="c:\\Program Files\\Java\\jdk1.7.0_79\\/bin;C:\Windows\system32;C:\Windows;C:\Windows\System32\Wbem;C:\Windows\System32\WindowsPowerShell\v1.0\;C:\Program Files\Perforce;C:\Users\smukkapati\AppData\Local\Android\sdk\platform-tools\;C:\Program Files\Java\jdk1.7.0_79\;C:\Program Files\Git\cmd"/>
    <property name="java.vm.specification.name" value="Java Virtual Machine Specification"/>
    <property name="PROCESSOR_ARCHITECTURE" value="x86"/>
    <property name="PATH+JDK" value="c:\\Program Files\\Java\\jdk1.7.0_79\\/bin"/>
    <property name="PROCESSOR_IDENTIFIER" value="Intel64 Family 6 Model 37 Stepping 5, GenuineIntel"/>
    <property name="java.vm.specification.version" value="1.7"/>
    <property name="sun.os.patch.level" value="Service Pack 1"/>
    <property name="sun.cpu.endian" value="little"/>
    <property name="M2_HOME" value="C:\Users\smukkapati\Downloads\maven"/>
    <property name="java.io.tmpdir" value="C:\Windows\TEMP\"/>
    <property name="OS" value="Windows_NT"/>
    <property name="HUDSON_HOME" value="C:\Program Files (x86)\Jenkins"/>
    <property name="PATH+MAVEN" value="C:\Users\smukkapati\Downloads\maven/bin"/>
    <property name="ProgramFiles(x86)" value="C:\Program Files (x86)"/>
    <property name="BUILD_URL" value="http://localhost:8080/job/mvnCopy/4/"/>
    <property name="java.vendor.url.bug" value="http://bugreport.sun.com/bugreport/"/>
    <property name="MAVEN_OPTS" value="-Xms512m -Xmx1024m -XX:MaxPermSize=1024m"/>
    <property name="java.awt.graphicsenv" value="sun.awt.Win32GraphicsEnvironment"/>
    <property name="os.arch" value="amd64"/>
    <property name="SystemRoot" value="C:\Windows"/>
    <property name="VSEDEFLOGDIR" value="C:\ProgramData\McAfee\DesktopProtection"/>
    <property name="windows_tracing_flags" value="3"/>
    <property name="java.ext.dirs" value="c:\Program Files\Java\jdk1.7.0_79\jre\lib\ext;C:\Windows\Sun\Java\lib\ext"/>
    <property name="user.dir" value="C:\Users\smukkapati\ForJenkinTests\my-app"/>
    <property name="JOB_URL" value="http://localhost:8080/job/mvnCopy/"/>
    <property name="USERDOMAIN" value="CORPORATE"/>
    <property name="line.separator" value="
"/>
    <property name="MAVEN_HOME" value="C:\Users\smukkapati\Downloads\maven"/>
    <property name="java.vm.name" value="Java HotSpot(TM) 64-Bit Server VM"/>
    <property name="BUILD_NUMBER" value="4"/>
    <property name="BASE" value="C:\Program Files (x86)\Jenkins"/>
    <property name="JENKINS_URL" value="http://localhost:8080/"/>
    <property name="PROCESSOR_REVISION" value="2505"/>
    <property name="ProgramW6432" value="C:\Program Files"/>
    <property name="windir" value="C:\Windows"/>
    <property name="file.encoding" value="Cp1252"/>
    <property name="SystemDrive" value="C:"/>
    <property name="maven3.interceptor" value="C:\Program Files (x86)\Jenkins\plugins\maven-plugin\WEB-INF\lib\maven32-interceptor-1.7.jar"/>
    <property name="maven3.interceptor.common" value="C:\Program Files (x86)\Jenkins\plugins\maven-plugin\WEB-INF\lib\maven3-interceptor-commons-1.7.jar"/>
    <property name="WINSW_EXECUTABLE" value="C:\Program Files (x86)\Jenkins\jenkins.exe"/>
    <property name="java.specification.version" value="1.7"/>
    <property name="PSModulePath" value="C:\Windows\system32\WindowsPowerShell\v1.0\Modules\"/>
  </properties>
  <testcase time="0.014" classname="com.mycompany.app.AppTest" name="testApp"/>
</testsuite>